2021-04-18 18:06:17.484  INFO 14156 --- [main] s.dmitriy.diasoft.DiasoftApplication     : Starting DiasoftApplication using Java 1.8.0_241 on Dima with PID 14156 (D:\java\diasoft\target\classes started by dima in D:\java\diasoft)
2021-04-18 18:06:17.488  INFO 14156 --- [main] s.dmitriy.diasoft.DiasoftApplication     : No active profile set, falling back to default profiles: default
2021-04-18 18:06:18.551  INFO 14156 --- [main] .s.d.r.c.RepositoryConfigurationDelegate : Bootstrapping Spring Data JPA repositories in DEFAULT mode.
2021-04-18 18:06:18.569  INFO 14156 --- [main] .s.d.r.c.RepositoryConfigurationDelegate : Finished Spring Data repository scanning in 9 ms. Found 0 JPA repository interfaces.
2021-04-18 18:06:18.916  INFO 14156 --- [main] trationDelegate$BeanPostProcessorChecker : Bean 'dataSourceProvider' of type [shein.dmitriy.diasoft.config.DataSourceProvider$$EnhancerBySpringCGLIB$$455e288b] is not eligible for getting processed by all BeanPostProcessors (for example: not eligible for auto-proxying)
2021-04-18 18:06:18.941  INFO 14156 --- [main] com.zaxxer.hikari.HikariDataSource       : HikariPool-1 - Starting...
2021-04-18 18:06:19.137  INFO 14156 --- [main] com.zaxxer.hikari.HikariDataSource       : HikariPool-1 - Start completed.
2021-04-18 18:06:19.139  INFO 14156 --- [main] trationDelegate$BeanPostProcessorChecker : Bean 'dataSource' of type [com.zaxxer.hikari.HikariDataSource] is not eligible for getting processed by all BeanPostProcessors (for example: not eligible for auto-proxying)
2021-04-18 18:06:19.159  INFO 14156 --- [main] trationDelegate$BeanPostProcessorChecker : Bean 'org.springframework.boot.autoconfigure.flyway.FlywayAutoConfiguration' of type [org.springframework.boot.autoconfigure.flyway.FlywayAutoConfiguration] is not eligible for getting processed by all BeanPostProcessors (for example: not eligible for auto-proxying)
2021-04-18 18:06:19.160  INFO 14156 --- [main] trationDelegate$BeanPostProcessorChecker : Bean 'stringOrNumberMigrationVersionConverter' of type [org.springframework.boot.autoconfigure.flyway.FlywayAutoConfiguration$StringOrNumberToMigrationVersionConverter] is not eligible for getting processed by all BeanPostProcessors (for example: not eligible for auto-proxying)
2021-04-18 18:06:19.169  INFO 14156 --- [main] trationDelegate$BeanPostProcessorChecker : Bean 'spring.datasource-org.springframework.boot.autoconfigure.jdbc.DataSourceProperties' of type [org.springframework.boot.autoconfigure.jdbc.DataSourceProperties] is not eligible for getting processed by all BeanPostProcessors (for example: not eligible for auto-proxying)
2021-04-18 18:06:19.173  INFO 14156 --- [main] trationDelegate$BeanPostProcessorChecker : Bean 'org.springframework.boot.autoconfigure.jdbc.DataSourceInitializerInvoker' of type [org.springframework.boot.autoconfigure.jdbc.DataSourceInitializerInvoker] is not eligible for getting processed by all BeanPostProcessors (for example: not eligible for auto-proxying)
2021-04-18 18:06:19.453  INFO 14156 --- [main] o.s.b.w.embedded.tomcat.TomcatWebServer  : Tomcat initialized with port(s): 8080 (http)
2021-04-18 18:06:19.463  INFO 14156 --- [main] o.apache.catalina.core.StandardService   : Starting service [Tomcat]
2021-04-18 18:06:19.463  INFO 14156 --- [main] org.apache.catalina.core.StandardEngine  : Starting Servlet engine: [Apache Tomcat/9.0.45]
2021-04-18 18:06:19.605  INFO 14156 --- [main] o.a.c.c.C.[Tomcat].[localhost].[/]       : Initializing Spring embedded WebApplicationContext
2021-04-18 18:06:19.605  INFO 14156 --- [main] w.s.c.ServletWebServerApplicationContext : Root WebApplicationContext: initialization completed in 2064 ms
2021-04-18 18:06:19.747  INFO 14156 --- [main] o.f.c.internal.license.VersionPrinter    : Flyway Community Edition 7.1.1 by Redgate
2021-04-18 18:06:19.795  INFO 14156 --- [main] o.f.c.i.database.base.DatabaseType       : Database: jdbc:mysql://localhost:3306/diasoft (MySQL 8.0)
2021-04-18 18:06:19.842  INFO 14156 --- [main] o.f.core.internal.command.DbValidate     : Successfully validated 2 migrations (execution time 00:00.026s)
2021-04-18 18:06:19.857  INFO 14156 --- [main] o.f.core.internal.command.DbMigrate      : Current version of schema `diasoft`: 2
2021-04-18 18:06:19.858  INFO 14156 --- [main] o.f.core.internal.command.DbMigrate      : Schema `diasoft` is up to date. No migration necessary.
2021-04-18 18:06:20.018  INFO 14156 --- [main] o.hibernate.jpa.internal.util.LogHelper  : HHH000204: Processing PersistenceUnitInfo [name: default]
2021-04-18 18:06:20.065  INFO 14156 --- [main] org.hibernate.Version                    : HHH000412: Hibernate ORM core version 5.4.30.Final
2021-04-18 18:06:20.186  INFO 14156 --- [main] o.hibernate.annotations.common.Version   : HCANN000001: Hibernate Commons Annotations {5.1.2.Final}
2021-04-18 18:06:20.309  INFO 14156 --- [main] org.hibernate.dialect.Dialect            : HHH000400: Using dialect: org.hibernate.dialect.MySQL8Dialect
2021-04-18 18:06:20.466  INFO 14156 --- [main] o.h.e.t.j.p.i.JtaPlatformInitiator       : HHH000490: Using JtaPlatform implementation: [org.hibernate.engine.transaction.jta.platform.internal.NoJtaPlatform]
2021-04-18 18:06:20.477  INFO 14156 --- [main] j.LocalContainerEntityManagerFactoryBean : Initialized JPA EntityManagerFactory for persistence unit 'default'
2021-04-18 18:06:20.693  WARN 14156 --- [main] JpaBaseConfiguration$JpaWebConfiguration : spring.jpa.open-in-view is enabled by default. Therefore, database queries may be performed during view rendering. Explicitly configure spring.jpa.open-in-view to disable this warning
2021-04-18 18:06:20.957  INFO 14156 --- [main] o.s.s.concurrent.ThreadPoolTaskExecutor  : Initializing ExecutorService 'applicationTaskExecutor'
2021-04-18 18:06:21.152  INFO 14156 --- [main] o.s.b.w.embedded.tomcat.TomcatWebServer  : Tomcat started on port(s): 8080 (http) with context path ''
2021-04-18 18:06:21.436  INFO 14156 --- [main] s.dmitriy.diasoft.DiasoftApplication     : Started DiasoftApplication in 4.487 seconds (JVM running for 5.349)
2021-04-18 18:06:27.337  INFO 14156 --- [http-nio-8080-exec-1] o.a.c.c.C.[Tomcat].[localhost].[/]       : Initializing Spring DispatcherServlet 'dispatcherServlet'
2021-04-18 18:06:27.338  INFO 14156 --- [http-nio-8080-exec-1] o.s.web.servlet.DispatcherServlet        : Initializing Servlet 'dispatcherServlet'
2021-04-18 18:06:27.340  INFO 14156 --- [http-nio-8080-exec-1] o.s.web.servlet.DispatcherServlet        : Completed initialization in 2 ms
2021-04-18 18:06:27.530  INFO 14156 --- [http-nio-8080-exec-1] s.dmitriy.diasoft.services.UserService   : User: 11string1 not registered. - 18.04.2021 18:06:27
2021-04-18 18:06:35.047  INFO 14156 --- [http-nio-8080-exec-2] s.dmitriy.diasoft.services.UserService   : User: 121string1 registered successfully. - 18.04.2021 18:06:35
